#
# A fatal error has been detected by the Java Runtime Environment:
#
#  EXCEPTION_ACCESS_VIOLATION (0xc0000005) at pc=0x00007fff24c521ce, pid=16272, tid=3136
#
# JRE version: OpenJDK Runtime Environment Temurin-17.0.1+12 (17.0.1+12) (build 17.0.1+12)
# Java VM: OpenJDK 64-Bit Server VM Temurin-17.0.1+12 (17.0.1+12, mixed mode, tiered, compressed oops, compressed class ptrs, g1 gc, windows-amd64)
# Problematic frame:
# C  [opencv_java455.dll+0x1df21ce]
#
# No core dump will be written. Minidumps are not enabled by default on client versions of Windows
#
# If you would like to submit a bug report, please visit:
#   https://github.com/adoptium/adoptium-support/issues
# The crash happened outside the Java Virtual Machine in native code.
# See problematic frame for where to report the bug.
#

---------------  S U M M A R Y ------------

Command Line: --module-path=C:\Users\Teste\Desktop\javafx-sdk-17.0.2\lib --add-modules=javafx.controls,javafx.fxml -Djava.library.path=C:\Users\Teste\Downloads\opencv\build\java\x64 -Dfile.encoding=Cp1252 -XX:+ShowCodeDetailsInExceptionMessages application.Main

Host: 11th Gen Intel(R) Core(TM) i7-11800H @ 2.30GHz, 16 cores, 15G,  Windows 10 , 64 bit Build 22000 (10.0.22000.434)
Time: Mon Feb 21 17:58:15 2022 Hora oficial do Brasil elapsed time: 11.907136 seconds (0d 0h 0m 11s)

---------------  T H R E A D  ---------------

Current thread (0x00000134444110c0):  JavaThread "Finalizer" daemon [_thread_in_native, id=3136, stack(0x000000035f800000,0x000000035f900000)]

Stack: [0x000000035f800000,0x000000035f900000],  sp=0x000000035f8ff210,  free space=1020k
Native frames: (J=compiled Java code, j=interpreted, Vv=VM code, C=native code)
C  [opencv_java455.dll+0x1df21ce]

Java frames: (J=compiled Java code, j=interpreted, Vv=VM code)
j  org.opencv.videoio.VideoCapture.delete(J)V+0
j  org.opencv.videoio.VideoCapture.finalize()V+4
j  java.lang.System$2.invokeFinalize(Ljava/lang/Object;)V+1 java.base@17.0.1
j  java.lang.ref.Finalizer.runFinalizer(Ljdk/internal/access/JavaLangAccess;)V+115 java.base@17.0.1
j  java.lang.ref.Finalizer$FinalizerThread.run()V+46 java.base@17.0.1
v  ~StubRoutines::call_stub

siginfo: EXCEPTION_ACCESS_VIOLATION (0xc0000005), reading address 0xffffffffffffffff


Register to memory mapping:

RIP=0x00007fff24c521ce opencv_java455.dll
RAX=0x0000000000000002 is an unknown value
RBX=0x000001344c845770 points into unknown readable memory: 0x0054004e00200045 | 45 00 20 00 4e 00 54 00
RCX=0x005300490053005c is an unknown value
RDX=0x00007fffe17d25b8 MFPlat.DLL
RSP=0x000000035f8ff210 is pointing into the stack for thread: 0x00000134444110c0
RBP=0x0000013445492160 points into unknown readable memory: 0x00007fff256407a8 | a8 07 64 25 ff 7f 00 00
RSI=0x005300490053005c is an unknown value
RDI=0x000001344c8457e0 points into unknown readable memory: 0x0000000000000000 | 00 00 00 00 00 00 00 00
R8 =0x000000035f8ff048 is pointing into the stack for thread: 0x00000134444110c0
R9 =0x0 is NULL
R10=0xbaac1f10365eb170 is an unknown value
R11=0x0000000000000246 is an unknown value
R12=0x0 is NULL
R13={method} {0x0000013446c57150} 'delete' '(J)V' in 'org/opencv/videoio/VideoCapture'
R14=0x0 is NULL
R15=0x00007fff25640400 opencv_java455.dll


Registers:
RAX=0x0000000000000002, RBX=0x000001344c845770, RCX=0x005300490053005c, RDX=0x00007fffe17d25b8
RSP=0x000000035f8ff210, RBP=0x0000013445492160, RSI=0x005300490053005c, RDI=0x000001344c8457e0
R8 =0x000000035f8ff048, R9 =0x0000000000000000, R10=0xbaac1f10365eb170, R11=0x0000000000000246
R12=0x0000000000000000, R13=0x0000013446c57148, R14=0x0000000000000000, R15=0x00007fff25640400
RIP=0x00007fff24c521ce, EFLAGS=0x0000000000010206

Top of Stack: (sp=0x000000035f8ff210)
0x000000035f8ff210:   0000013400000005 0000000000000000
0x000000035f8ff220:   0000000000000000 0000013445492160
0x000000035f8ff230:   fffffffffffffffe 00007fff25640400
0x000000035f8ff240:   005300490053005c 00007fff250fc754
0x000000035f8ff250:   00000134444110c0 000000035f8ff4a0
0x000000035f8ff260:   0000013445492160 00007fff24c4db7f
0x000000035f8ff270:   0000000000000000 000000035f8ff478
0x000000035f8ff280:   000001344c84a100 0000013422290000
0x000000035f8ff290:   0000000c0000000c 00007fffee2a830a
0x000000035f8ff2a0:   0000013445492160 00007fff24c4f904
0x000000035f8ff2b0:   0000013445492160 00007fff250fc754
0x000000035f8ff2c0:   0000000000000000 000001344c84a100
0x000000035f8ff2d0:   00000000ffffffff 00007fff24c452d9
0x000000035f8ff2e0:   0000013445492150 00000134221c0000
0x000000035f8ff2f0:   00000134444110c0 000000035f8ff4a0
0x000000035f8ff300:   fffffffffffffffe 0000013445492160 

Instructions: (pc=0x00007fff24c521ce)
0x00007fff24c520ce:   42 45 00 48 8b 06 48 8b ce ff 50 48 eb 04 b3 01
0x00007fff24c520de:   eb 02 32 db 4c 89 74 24 38 48 8b 4c 24 40 48 85
0x00007fff24c520ee:   c9 74 06 48 8b 11 ff 52 10 0f b6 c3 eb 02 b0 01
0x00007fff24c520fe:   48 8b 8c 24 80 01 00 00 48 33 cc e8 d2 80 45 00
0x00007fff24c5210e:   4c 8d 9c 24 90 01 00 00 49 8b 5b 28 49 8b 6b 30
0x00007fff24c5211e:   49 8b e3 41 5e 5f 5e c3 cc cc cc cc cc cc cc cc
0x00007fff24c5212e:   cc cc 40 57 41 56 41 57 48 83 ec 40 48 c7 44 24
0x00007fff24c5213e:   20 fe ff ff ff 48 89 5c 24 60 48 89 6c 24 68 48
0x00007fff24c5214e:   89 74 24 70 48 8b e9 45 33 f6 44 38 b1 30 03 00
0x00007fff24c5215e:   00 0f 84 ea 00 00 00 44 88 b1 30 03 00 00 4c 39
0x00007fff24c5216e:   b1 a8 00 00 00 74 24 48 8b 89 a8 00 00 00 48 85
0x00007fff24c5217e:   c9 75 0b b9 03 40 00 80 e8 75 20 48 00 cc 48 8b
0x00007fff24c5218e:   01 ff 50 10 4c 89 b5 a8 00 00 00 48 8b 5d 78 48
0x00007fff24c5219e:   8b bd 80 00 00 00 48 3b df 74 5e 4c 8d 3d 50 e2
0x00007fff24c521ae:   9e 00 4c 89 7c 24 28 49 8b f6 4c 89 74 24 30 48
0x00007fff24c521be:   8b 4b 08 48 85 c9 74 0f 48 8b f1 48 89 4c 24 30
0x00007fff24c521ce:   48 8b 01 ff 50 08 90 48 85 f6 74 11 48 8b 06 48
0x00007fff24c521de:   8b ce ff 50 10 49 8b f6 4c 89 74 24 30 4c 89 7c
0x00007fff24c521ee:   24 28 48 85 f6 74 09 48 8b 06 48 8b ce ff 50 10
0x00007fff24c521fe:   48 83 c3 10 48 3b df 75 a9 48 83 7d 48 00 74 1e
0x00007fff24c5220e:   48 8b 4d 48 48 85 c9 75 0b b9 03 40 00 80 e8 df
0x00007fff24c5221e:   1f 48 00 cc 48 8b 01 ff 50 10 4c 89 75 48 c6 85
0x00007fff24c5222e:   f0 01 00 00 00 c7 45 30 ff ff ff ff 48 8d 45 10
0x00007fff24c5223e:   4c 89 70 10 48 83 78 18 10 72 03 48 8b 00 c6 00
0x00007fff24c5224e:   00 48 83 7d 58 00 74 1e 48 8b 4d 58 48 85 c9 75
0x00007fff24c5225e:   0b b9 03 40 00 80 e8 97 1f 48 00 cc 48 8b 01 ff
0x00007fff24c5226e:   50 10 4c 89 75 58 48 8b 5c 24 60 48 8b 6c 24 68
0x00007fff24c5227e:   48 8b 74 24 70 48 83 c4 40 41 5f 41 5e 5f c3 cc
0x00007fff24c5228e:   cc cc 48 83 ec 28 80 79 68 00 74 41 c6 41 68 00
0x00007fff24c5229e:   48 89 5c 24 20 48 8d 59 58 48 8b cb e8 11 ca ff
0x00007fff24c522ae:   ff 48 8b c8 48 8b 10 ff 52 58 48 83 7b 08 00 74
0x00007fff24c522be:   17 48 8b 4b 08 48 85 c9 74 18 48 8b 01 ff 50 10 


Stack slot to memory mapping:
stack at sp + 0 slots: 0x0000013400000005 is an unknown value
stack at sp + 1 slots: 0x0 is NULL
stack at sp + 2 slots: 0x0 is NULL
stack at sp + 3 slots: 0x0000013445492160 points into unknown readable memory: 0x00007fff256407a8 | a8 07 64 25 ff 7f 00 00
stack at sp + 4 slots: 0xfffffffffffffffe is an unknown value
stack at sp + 5 slots: 0x00007fff25640400 opencv_java455.dll
stack at sp + 6 slots: 0x005300490053005c is an unknown value
stack at sp + 7 slots: 0x00007fff250fc754 opencv_java455.dll


---------------  P R O C E S S  ---------------

Threads class SMR info:
_java_thread_list=0x0000013445bbdd30, length=23, elements={
0x00000134245720b0, 0x0000013444410700, 0x00000134444110c0, 0x00000134444336e0,
0x0000013444433fa0, 0x000001344445afc0, 0x000001344445b490, 0x000001344445f580,
0x0000013444460e90, 0x0000013444494bf0, 0x0000013444655a20, 0x0000013445507360,
0x00000134456a8450, 0x000001344571fd50, 0x000001344558b3d0, 0x0000013445b51010,
0x000001344597f5d0, 0x0000013445ee19a0, 0x000001344c065a40, 0x000001344baa7310,
0x000001344baa6970, 0x0000013458ed3f40, 0x000001344baa9990
}

Java Threads: ( => current thread )
  0x00000134245720b0 JavaThread "main" [_thread_blocked, id=8088, stack(0x000000035f000000,0x000000035f100000)]
  0x0000013444410700 JavaThread "Reference Handler" daemon [_thread_blocked, id=2148, stack(0x000000035f700000,0x000000035f800000)]
=>0x00000134444110c0 JavaThread "Finalizer" daemon [_thread_in_native, id=3136, stack(0x000000035f800000,0x000000035f900000)]
  0x00000134444336e0 JavaThread "Signal Dispatcher" daemon [_thread_blocked, id=27492, stack(0x000000035f900000,0x000000035fa00000)]
  0x0000013444433fa0 JavaThread "Attach Listener" daemon [_thread_blocked, id=27744, stack(0x000000035fa00000,0x000000035fb00000)]
  0x000001344445afc0 JavaThread "Service Thread" daemon [_thread_blocked, id=9636, stack(0x000000035fb00000,0x000000035fc00000)]
  0x000001344445b490 JavaThread "Monitor Deflation Thread" daemon [_thread_blocked, id=17400, stack(0x000000035fc00000,0x000000035fd00000)]
  0x000001344445f580 JavaThread "C2 CompilerThread0" daemon [_thread_blocked, id=16472, stack(0x000000035fd00000,0x000000035fe00000)]
  0x0000013444460e90 JavaThread "C1 CompilerThread0" daemon [_thread_blocked, id=16048, stack(0x000000035fe00000,0x000000035ff00000)]
  0x0000013444494bf0 JavaThread "Sweeper thread" daemon [_thread_blocked, id=23544, stack(0x000000035ff00000,0x0000000360000000)]
  0x0000013444655a20 JavaThread "Common-Cleaner" daemon [_thread_blocked, id=14756, stack(0x0000000360000000,0x0000000360100000)]
  0x0000013445507360 JavaThread "Notification Thread" daemon [_thread_blocked, id=19624, stack(0x0000000360a00000,0x0000000360b00000)]
  0x00000134456a8450 JavaThread "QuantumRenderer-0" daemon [_thread_blocked, id=3204, stack(0x0000000360c00000,0x0000000360d00000)]
  0x000001344571fd50 JavaThread "InvokeLaterDispatcher" daemon [_thread_blocked, id=18216, stack(0x0000000360d00000,0x0000000360e00000)]
  0x000001344558b3d0 JavaThread "JavaFX Application Thread" [_thread_in_native, id=7684, stack(0x0000000360e00000,0x0000000360f00000)]
  0x0000013445b51010 JavaThread "JavaFX-Launcher" [_thread_blocked, id=17088, stack(0x0000000360800000,0x0000000360900000)]
  0x000001344597f5d0 JavaThread "Thread-2" daemon [_thread_in_native, id=20016, stack(0x0000000360700000,0x0000000360800000)]
  0x0000013445ee19a0 JavaThread "Prism Font Disposer" daemon [_thread_blocked, id=20504, stack(0x0000000361700000,0x0000000361800000)]
  0x000001344c065a40 JavaThread "Cleaner-0" daemon [_thread_blocked, id=21984, stack(0x0000000361800000,0x0000000361900000)]
  0x000001344baa7310 JavaThread "pool-2-thread-1" [_thread_blocked, id=27952, stack(0x0000000361b00000,0x0000000361c00000)]
  0x000001344baa6970 JavaThread "pool-3-thread-1" [_thread_blocked, id=20548, stack(0x0000000363200000,0x0000000363300000)]
  0x0000013458ed3f40 JavaThread "C1 CompilerThread1" daemon [_thread_blocked, id=21340, stack(0x0000000360100000,0x0000000360200000)]
  0x000001344baa9990 JavaThread "pool-4-thread-1" [_thread_in_native, id=3300, stack(0x0000000360200000,0x0000000360300000)]

Other Threads:
  0x0000013443ab6c00 VMThread "VM Thread" [stack: 0x000000035f600000,0x000000035f700000] [id=10972]
  0x0000013444a35d30 WatcherThread [stack: 0x0000000360b00000,0x0000000360c00000] [id=12924]
  0x00000134245c11f0 GCTaskThread "GC Thread#0" [stack: 0x000000035f100000,0x000000035f200000] [id=30620]
  0x0000013445e58a60 GCTaskThread "GC Thread#1" [stack: 0x0000000360900000,0x0000000360a00000] [id=12716]
  0x0000013445bdb310 GCTaskThread "GC Thread#2" [stack: 0x0000000360f00000,0x0000000361000000] [id=21944]
  0x0000013445bdb5c0 GCTaskThread "GC Thread#3" [stack: 0x0000000361000000,0x0000000361100000] [id=21376]
  0x0000013445bdbc80 GCTaskThread "GC Thread#4" [stack: 0x0000000361100000,0x0000000361200000] [id=14176]
  0x0000013445bdbf30 GCTaskThread "GC Thread#5" [stack: 0x0000000361200000,0x0000000361300000] [id=8224]
  0x000001344c8462b0 GCTaskThread "GC Thread#6" [stack: 0x0000000362e00000,0x0000000362f00000] [id=26756]
  0x000001344c846560 GCTaskThread "GC Thread#7" [stack: 0x0000000362f00000,0x0000000363000000] [id=16968]
  0x000001344c846ac0 GCTaskThread "GC Thread#8" [stack: 0x0000000363000000,0x0000000363100000] [id=22488]
  0x000001344c8457f0 GCTaskThread "GC Thread#9" [stack: 0x0000000363100000,0x0000000363200000] [id=24076]
  0x000001344c845290 GCTaskThread "GC Thread#10" [stack: 0x0000000363900000,0x0000000363a00000] [id=20896]
  0x000001345e310f70 GCTaskThread "GC Thread#11" [stack: 0x0000000363a00000,0x0000000363b00000] [id=29576]
  0x00000134245d1c40 ConcurrentGCThread "G1 Main Marker" [stack: 0x000000035f200000,0x000000035f300000] [id=6624]
  0x00000134245d2d00 ConcurrentGCThread "G1 Conc#0" [stack: 0x000000035f300000,0x000000035f400000] [id=28296]
  0x00000134439740e0 ConcurrentGCThread "G1 Refine#0" [stack: 0x000000035f400000,0x000000035f500000] [id=15624]
  0x0000013443974a10 ConcurrentGCThread "G1 Service" [stack: 0x000000035f500000,0x000000035f600000] [id=3508]

Threads with active compile tasks:

VM state: not at safepoint (normal execution)

VM Mutex/Monitor currently owned by a thread: None

Heap address: 0x0000000704000000, size: 4032 MB, Compressed Oops mode: Zero based, Oop shift amount: 3

CDS archive(s) not mapped
Compressed class space mapped at: 0x0000000800000000-0x0000000840000000, reserved size: 1073741824
Narrow klass base: 0x0000000800000000, Narrow klass shift: 0, Narrow klass range: 0x40000000

GC Precious Log:
 CPUs: 16 total, 16 available
 Memory: 16126M
 Large Page Support: Disabled
 NUMA Support: Disabled
 Compressed Oops: Enabled (Zero based)
 Heap Region Size: 2M
 Heap Min Capacity: 8M
 Heap Initial Capacity: 252M
 Heap Max Capacity: 4032M
 Pre-touch: Disabled
 Parallel Workers: 13
 Concurrent Workers: 3
 Concurrent Refinement Workers: 13
 Periodic GC: Disabled

Heap:
 garbage-first heap   total 258048K, used 17036K [0x0000000704000000, 0x0000000800000000)
  region size 2048K, 8 young (16384K), 3 survivors (6144K)
 Metaspace       used 20912K, committed 21120K, reserved 1073152K
  class space    used 2401K, committed 2496K, reserved 1048576K

Heap Regions: E=young(eden), S=young(survivor), O=old, HS=humongous(starts), HC=humongous(continues), CS=collection set, F=free, OA=open archive, CA=closed archive, TAMS=top-at-mark-start (previous, next)
|   0|0x0000000704000000, 0x0000000704200000, 0x0000000704200000|100%|HS|  |TAMS 0x0000000704000000, 0x0000000704000000| Complete 
|   1|0x0000000704200000, 0x0000000704400000, 0x0000000704400000|100%| O|  |TAMS 0x0000000704200000, 0x0000000704200000| Untracked 
|   2|0x0000000704400000, 0x000000070456ba00, 0x0000000704600000| 71%| O|  |TAMS 0x0000000704400000, 0x0000000704400000| Untracked 
|   3|0x0000000704600000, 0x0000000704600000, 0x0000000704800000|  0%| F|  |TAMS 0x0000000704600000, 0x0000000704600000| Untracked 
|   4|0x0000000704800000, 0x0000000704800000, 0x0000000704a00000|  0%| F|  |TAMS 0x0000000704800000, 0x0000000704800000| Untracked 
|   5|0x0000000704a00000, 0x0000000704a00000, 0x0000000704c00000|  0%| F|  |TAMS 0x0000000704a00000, 0x0000000704a00000| Untracked 
|   6|0x0000000704c00000, 0x0000000704c00000, 0x0000000704e00000|  0%| F|  |TAMS 0x0000000704c00000, 0x0000000704c00000| Untracked 
|   7|0x0000000704e00000, 0x0000000704e00000, 0x0000000705000000|  0%| F|  |TAMS 0x0000000704e00000, 0x0000000704e00000| Untracked 
|   8|0x0000000705000000, 0x0000000705000000, 0x0000000705200000|  0%| F|  |TAMS 0x0000000705000000, 0x0000000705000000| Untracked 
|   9|0x0000000705200000, 0x0000000705200000, 0x0000000705400000|  0%| F|  |TAMS 0x0000000705200000, 0x0000000705200000| Untracked 
|  10|0x0000000705400000, 0x0000000705400000, 0x0000000705600000|  0%| F|  |TAMS 0x0000000705400000, 0x0000000705400000| Untracked 
|  11|0x0000000705600000, 0x0000000705600000, 0x0000000705800000|  0%| F|  |TAMS 0x0000000705600000, 0x0000000705600000| Untracked 
|  12|0x0000000705800000, 0x0000000705800000, 0x0000000705a00000|  0%| F|  |TAMS 0x0000000705800000, 0x0000000705800000| Untracked 
|  13|0x0000000705a00000, 0x0000000705a00000, 0x0000000705c00000|  0%| F|  |TAMS 0x0000000705a00000, 0x0000000705a00000| Untracked 
|  14|0x0000000705c00000, 0x0000000705c00000, 0x0000000705e00000|  0%| F|  |TAMS 0x0000000705c00000, 0x0000000705c00000| Untracked 
|  15|0x0000000705e00000, 0x0000000705e00000, 0x0000000706000000|  0%| F|  |TAMS 0x0000000705e00000, 0x0000000705e00000| Untracked 
|  16|0x0000000706000000, 0x0000000706000000, 0x0000000706200000|  0%| F|  |TAMS 0x0000000706000000, 0x0000000706000000| Untracked 
|  17|0x0000000706200000, 0x0000000706200000, 0x0000000706400000|  0%| F|  |TAMS 0x0000000706200000, 0x0000000706200000| Untracked 
|  18|0x0000000706400000, 0x0000000706400000, 0x0000000706600000|  0%| F|  |TAMS 0x0000000706400000, 0x0000000706400000| Untracked 
|  19|0x0000000706600000, 0x0000000706600000, 0x0000000706800000|  0%| F|  |TAMS 0x0000000706600000, 0x0000000706600000| Untracked 
|  20|0x0000000706800000, 0x0000000706800000, 0x0000000706a00000|  0%| F|  |TAMS 0x0000000706800000, 0x0000000706800000| Untracked 
|  21|0x0000000706a00000, 0x0000000706a00000, 0x0000000706c00000|  0%| F|  |TAMS 0x0000000706a00000, 0x0000000706a00000| Untracked 
|  22|0x0000000706c00000, 0x0000000706c00000, 0x0000000706e00000|  0%| F|  |TAMS 0x0000000706c00000, 0x0000000706c00000| Untracked 
|  23|0x0000000706e00000, 0x0000000706e00000, 0x0000000707000000|  0%| F|  |TAMS 0x0000000706e00000, 0x0000000706e00000| Untracked 
|  24|0x0000000707000000, 0x0000000707000000, 0x0000000707200000|  0%| F|  |TAMS 0x0000000707000000, 0x0000000707000000| Untracked 
|  25|0x0000000707200000, 0x0000000707200000, 0x0000000707400000|  0%| F|  |TAMS 0x0000000707200000, 0x0000000707200000| Untracked 
|  26|0x0000000707400000, 0x0000000707400000, 0x0000000707600000|  0%| F|  |TAMS 0x0000000707400000, 0x0000000707400000| Untracked 
|  27|0x0000000707600000, 0x0000000707600000, 0x0000000707800000|  0%| F|  |TAMS 0x0000000707600000, 0x0000000707600000| Untracked 
|  28|0x0000000707800000, 0x0000000707800000, 0x0000000707a00000|  0%| F|  |TAMS 0x0000000707800000, 0x0000000707800000| Untracked 
|  29|0x0000000707a00000, 0x0000000707a00000, 0x0000000707c00000|  0%| F|  |TAMS 0x0000000707a00000, 0x0000000707a00000| Untracked 
|  30|0x0000000707c00000, 0x0000000707c00000, 0x0000000707e00000|  0%| F|  |TAMS 0x0000000707c00000, 0x0000000707c00000| Untracked 
|  31|0x0000000707e00000, 0x0000000707e00000, 0x0000000708000000|  0%| F|  |TAMS 0x0000000707e00000, 0x0000000707e00000| Untracked 
|  32|0x0000000708000000, 0x0000000708000000, 0x0000000708200000|  0%| F|  |TAMS 0x0000000708000000, 0x0000000708000000| Untracked 
|  33|0x0000000708200000, 0x0000000708200000, 0x0000000708400000|  0%| F|  |TAMS 0x0000000708200000, 0x0000000708200000| Untracked 
|  34|0x0000000708400000, 0x0000000708400000, 0x0000000708600000|  0%| F|  |TAMS 0x0000000708400000, 0x0000000708400000| Untracked 
|  35|0x0000000708600000, 0x0000000708600000, 0x0000000708800000|  0%| F|  |TAMS 0x0000000708600000, 0x0000000708600000| Untracked 
|  36|0x0000000708800000, 0x0000000708800000, 0x0000000708a00000|  0%| F|  |TAMS 0x0000000708800000, 0x0000000708800000| Untracked 
|  37|0x0000000708a00000, 0x0000000708a00000, 0x0000000708c00000|  0%| F|  |TAMS 0x0000000708a00000, 0x0000000708a00000| Untracked 
|  38|0x0000000708c00000, 0x0000000708c00000, 0x0000000708e00000|  0%| F|  |TAMS 0x0000000708c00000, 0x0000000708c00000| Untracked 
|  39|0x0000000708e00000, 0x0000000708e00000, 0x0000000709000000|  0%| F|  |TAMS 0x0000000708e00000, 0x0000000708e00000| Untracked 
|  40|0x0000000709000000, 0x0000000709000000, 0x0000000709200000|  0%| F|  |TAMS 0x0000000709000000, 0x0000000709000000| Untracked 
|  41|0x0000000709200000, 0x0000000709200000, 0x0000000709400000|  0%| F|  |TAMS 0x0000000709200000, 0x0000000709200000| Untracked 
|  42|0x0000000709400000, 0x0000000709400000, 0x0000000709600000|  0%| F|  |TAMS 0x0000000709400000, 0x0000000709400000| Untracked 
|  43|0x0000000709600000, 0x0000000709600000, 0x0000000709800000|  0%| F|  |TAMS 0x0000000709600000, 0x0000000709600000| Untracked 
|  44|0x0000000709800000, 0x0000000709800000, 0x0000000709a00000|  0%| F|  |TAMS 0x0000000709800000, 0x0000000709800000| Untracked 
|  45|0x0000000709a00000, 0x0000000709a00000, 0x0000000709c00000|  0%| F|  |TAMS 0x0000000709a00000, 0x0000000709a00000| Untracked 
|  46|0x0000000709c00000, 0x0000000709c00000, 0x0000000709e00000|  0%| F|  |TAMS 0x0000000709c00000, 0x0000000709c00000| Untracked 
|  47|0x0000000709e00000, 0x0000000709e00000, 0x000000070a000000|  0%| F|  |TAMS 0x0000000709e00000, 0x0000000709e00000| Untracked 
|  48|0x000000070a000000, 0x000000070a000000, 0x000000070a200000|  0%| F|  |TAMS 0x000000070a000000, 0x000000070a000000| Untracked 
|  49|0x000000070a200000, 0x000000070a200000, 0x000000070a400000|  0%| F|  |TAMS 0x000000070a200000, 0x000000070a200000| Untracked 
|  50|0x000000070a400000, 0x000000070a400000, 0x000000070a600000|  0%| F|  |TAMS 0x000000070a400000, 0x000000070a400000| Untracked 
|  51|0x000000070a600000, 0x000000070a600000, 0x000000070a800000|  0%| F|  |TAMS 0x000000070a600000, 0x000000070a600000| Untracked 
|  52|0x000000070a800000, 0x000000070a800000, 0x000000070aa00000|  0%| F|  |TAMS 0x000000070a800000, 0x000000070a800000| Untracked 
|  53|0x000000070aa00000, 0x000000070aa00000, 0x000000070ac00000|  0%| F|  |TAMS 0x000000070aa00000, 0x000000070aa00000| Untracked 
|  54|0x000000070ac00000, 0x000000070ac00000, 0x000000070ae00000|  0%| F|  |TAMS 0x000000070ac00000, 0x000000070ac00000| Untracked 
|  55|0x000000070ae00000, 0x000000070ae00000, 0x000000070b000000|  0%| F|  |TAMS 0x000000070ae00000, 0x000000070ae00000| Untracked 
|  56|0x000000070b000000, 0x000000070b000000, 0x000000070b200000|  0%| F|  |TAMS 0x000000070b000000, 0x000000070b000000| Untracked 
|  57|0x000000070b200000, 0x000000070b200000, 0x000000070b400000|  0%| F|  |TAMS 0x000000070b200000, 0x000000070b200000| Untracked 
|  58|0x000000070b400000, 0x000000070b400000, 0x000000070b600000|  0%| F|  |TAMS 0x000000070b400000, 0x000000070b400000| Untracked 
|  59|0x000000070b600000, 0x000000070b600000, 0x000000070b800000|  0%| F|  |TAMS 0x000000070b600000, 0x000000070b600000| Untracked 
|  60|0x000000070b800000, 0x000000070b800000, 0x000000070ba00000|  0%| F|  |TAMS 0x000000070b800000, 0x000000070b800000| Untracked 
|  61|0x000000070ba00000, 0x000000070bb376c0, 0x000000070bc00000| 60%| S|CS|TAMS 0x000000070ba00000, 0x000000070ba00000| Complete 
|  62|0x000000070bc00000, 0x000000070be00000, 0x000000070be00000|100%| S|CS|TAMS 0x000000070bc00000, 0x000000070bc00000| Complete 
|  63|0x000000070be00000, 0x000000070c000000, 0x000000070c000000|100%| S|CS|TAMS 0x000000070be00000, 0x000000070be00000| Complete 
|  64|0x000000070c000000, 0x000000070c000000, 0x000000070c200000|  0%| F|  |TAMS 0x000000070c000000, 0x000000070c000000| Untracked 
|  65|0x000000070c200000, 0x000000070c200000, 0x000000070c400000|  0%| F|  |TAMS 0x000000070c200000, 0x000000070c200000| Untracked 
|  66|0x000000070c400000, 0x000000070c400000, 0x000000070c600000|  0%| F|  |TAMS 0x000000070c400000, 0x000000070c400000| Untracked 
|  67|0x000000070c600000, 0x000000070c600000, 0x000000070c800000|  0%| F|  |TAMS 0x000000070c600000, 0x000000070c600000| Untracked 
|  68|0x000000070c800000, 0x000000070c800000, 0x000000070ca00000|  0%| F|  |TAMS 0x000000070c800000, 0x000000070c800000| Untracked 
|  69|0x000000070ca00000, 0x000000070ca00000, 0x000000070cc00000|  0%| F|  |TAMS 0x000000070ca00000, 0x000000070ca00000| Untracked 
|  70|0x000000070cc00000, 0x000000070cc00000, 0x000000070ce00000|  0%| F|  |TAMS 0x000000070cc00000, 0x000000070cc00000| Untracked 
|  71|0x000000070ce00000, 0x000000070ce00000, 0x000000070d000000|  0%| F|  |TAMS 0x000000070ce00000, 0x000000070ce00000| Untracked 
|  72|0x000000070d000000, 0x000000070d000000, 0x000000070d200000|  0%| F|  |TAMS 0x000000070d000000, 0x000000070d000000| Untracked 
|  73|0x000000070d200000, 0x000000070d200000, 0x000000070d400000|  0%| F|  |TAMS 0x000000070d200000, 0x000000070d200000| Untracked 
|  74|0x000000070d400000, 0x000000070d400000, 0x000000070d600000|  0%| F|  |TAMS 0x000000070d400000, 0x000000070d400000| Untracked 
|  75|0x000000070d600000, 0x000000070d600000, 0x000000070d800000|  0%| F|  |TAMS 0x000000070d600000, 0x000000070d600000| Untracked 
|  76|0x000000070d800000, 0x000000070d800000, 0x000000070da00000|  0%| F|  |TAMS 0x000000070d800000, 0x000000070d800000| Untracked 
|  77|0x000000070da00000, 0x000000070da00000, 0x000000070dc00000|  0%| F|  |TAMS 0x000000070da00000, 0x000000070da00000| Untracked 
|  78|0x000000070dc00000, 0x000000070dc00000, 0x000000070de00000|  0%| F|  |TAMS 0x000000070dc00000, 0x000000070dc00000| Untracked 
|  79|0x000000070de00000, 0x000000070de00000, 0x000000070e000000|  0%| F|  |TAMS 0x000000070de00000, 0x000000070de00000| Untracked 
|  80|0x000000070e000000, 0x000000070e000000, 0x000000070e200000|  0%| F|  |TAMS 0x000000070e000000, 0x000000070e000000| Untracked 
|  81|0x000000070e200000, 0x000000070e200000, 0x000000070e400000|  0%| F|  |TAMS 0x000000070e200000, 0x000000070e200000| Untracked 
|  82|0x000000070e400000, 0x000000070e400000, 0x000000070e600000|  0%| F|  |TAMS 0x000000070e400000, 0x000000070e400000| Untracked 
|  83|0x000000070e600000, 0x000000070e600000, 0x000000070e800000|  0%| F|  |TAMS 0x000000070e600000, 0x000000070e600000| Untracked 
|  84|0x000000070e800000, 0x000000070e800000, 0x000000070ea00000|  0%| F|  |TAMS 0x000000070e800000, 0x000000070e800000| Untracked 
|  85|0x000000070ea00000, 0x000000070ea00000, 0x000000070ec00000|  0%| F|  |TAMS 0x000000070ea00000, 0x000000070ea00000| Untracked 
|  86|0x000000070ec00000, 0x000000070ec00000, 0x000000070ee00000|  0%| F|  |TAMS 0x000000070ec00000, 0x000000070ec00000| Untracked 
|  87|0x000000070ee00000, 0x000000070ee00000, 0x000000070f000000|  0%| F|  |TAMS 0x000000070ee00000, 0x000000070ee00000| Untracked 
|  88|0x000000070f000000, 0x000000070f000000, 0x000000070f200000|  0%| F|  |TAMS 0x000000070f000000, 0x000000070f000000| Untracked 
|  89|0x000000070f200000, 0x000000070f200000, 0x000000070f400000|  0%| F|  |TAMS 0x000000070f200000, 0x000000070f200000| Untracked 
|  90|0x000000070f400000, 0x000000070f400000, 0x000000070f600000|  0%| F|  |TAMS 0x000000070f400000, 0x000000070f400000| Untracked 
|  91|0x000000070f600000, 0x000000070f600000, 0x000000070f800000|  0%| F|  |TAMS 0x000000070f600000, 0x000000070f600000| Untracked 
|  92|0x000000070f800000, 0x000000070f800000, 0x000000070fa00000|  0%| F|  |TAMS 0x000000070f800000, 0x000000070f800000| Untracked 
|  93|0x000000070fa00000, 0x000000070fa00000, 0x000000070fc00000|  0%| F|  |TAMS 0x000000070fa00000, 0x000000070fa00000| Untracked 
|  94|0x000000070fc00000, 0x000000070fc00000, 0x000000070fe00000|  0%| F|  |TAMS 0x000000070fc00000, 0x000000070fc00000| Untracked 
|  95|0x000000070fe00000, 0x000000070fe00000, 0x0000000710000000|  0%| F|  |TAMS 0x000000070fe00000, 0x000000070fe00000| Untracked 
|  96|0x0000000710000000, 0x0000000710000000, 0x0000000710200000|  0%| F|  |TAMS 0x0000000710000000, 0x0000000710000000| Untracked 
|  97|0x0000000710200000, 0x0000000710200000, 0x0000000710400000|  0%| F|  |TAMS 0x0000000710200000, 0x0000000710200000| Untracked 
|  98|0x0000000710400000, 0x0000000710400000, 0x0000000710600000|  0%| F|  |TAMS 0x0000000710400000, 0x0000000710400000| Untracked 
|  99|0x0000000710600000, 0x0000000710600000, 0x0000000710800000|  0%| F|  |TAMS 0x0000000710600000, 0x0000000710600000| Untracked 
| 100|0x0000000710800000, 0x0000000710800000, 0x0000000710a00000|  0%| F|  |TAMS 0x0000000710800000, 0x0000000710800000| Untracked 
| 101|0x0000000710a00000, 0x0000000710a00000, 0x0000000710c00000|  0%| F|  |TAMS 0x0000000710a00000, 0x0000000710a00000| Untracked 
| 102|0x0000000710c00000, 0x0000000710c00000, 0x0000000710e00000|  0%| F|  |TAMS 0x0000000710c00000, 0x0000000710c00000| Untracked 
| 103|0x0000000710e00000, 0x0000000710e00000, 0x0000000711000000|  0%| F|  |TAMS 0x0000000710e00000, 0x0000000710e00000| Untracked 
| 104|0x0000000711000000, 0x0000000711000000, 0x0000000711200000|  0%| F|  |TAMS 0x0000000711000000, 0x0000000711000000| Untracked 
| 105|0x0000000711200000, 0x0000000711200000, 0x0000000711400000|  0%| F|  |TAMS 0x0000000711200000, 0x0000000711200000| Untracked 
| 106|0x0000000711400000, 0x0000000711400000, 0x0000000711600000|  0%| F|  |TAMS 0x0000000711400000, 0x0000000711400000| Untracked 
| 107|0x0000000711600000, 0x0000000711600000, 0x0000000711800000|  0%| F|  |TAMS 0x0000000711600000, 0x0000000711600000| Untracked 
| 108|0x0000000711800000, 0x0000000711800000, 0x0000000711a00000|  0%| F|  |TAMS 0x0000000711800000, 0x0000000711800000| Untracked 
| 109|0x0000000711a00000, 0x0000000711a00000, 0x0000000711c00000|  0%| F|  |TAMS 0x0000000711a00000, 0x0000000711a00000| Untracked 
| 110|0x0000000711c00000, 0x0000000711c00000, 0x0000000711e00000|  0%| F|  |TAMS 0x0000000711c00000, 0x0000000711c00000| Untracked 
| 111|0x0000000711e00000, 0x0000000711e00000, 0x0000000712000000|  0%| F|  |TAMS 0x0000000711e00000, 0x0000000711e00000| Untracked 
| 112|0x0000000712000000, 0x0000000712000000, 0x0000000712200000|  0%| F|  |TAMS 0x0000000712000000, 0x0000000712000000| Untracked 
| 113|0x0000000712200000, 0x0000000712200000, 0x0000000712400000|  0%| F|  |TAMS 0x0000000712200000, 0x0000000712200000| Untracked 
| 114|0x0000000712400000, 0x0000000712400000, 0x0000000712600000|  0%| F|  |TAMS 0x0000000712400000, 0x0000000712400000| Untracked 
| 115|0x0000000712600000, 0x0000000712600000, 0x0000000712800000|  0%| F|  |TAMS 0x0000000712600000, 0x0000000712600000| Untracked 
| 116|0x0000000712800000, 0x0000000712800000, 0x0000000712a00000|  0%| F|  |TAMS 0x0000000712800000, 0x0000000712800000| Untracked 
| 117|0x0000000712a00000, 0x0000000712a00000, 0x0000000712c00000|  0%| F|  |TAMS 0x0000000712a00000, 0x0000000712a00000| Untracked 
| 118|0x0000000712c00000, 0x0000000712c00000, 0x0000000712e00000|  0%| F|  |TAMS 0x0000000712c00000, 0x0000000712c00000| Untracked 
| 119|0x0000000712e00000, 0x0000000712e00000, 0x0000000713000000|  0%| F|  |TAMS 0x0000000712e00000, 0x0000000712e00000| Untracked 
| 120|0x0000000713000000, 0x0000000713000000, 0x0000000713200000|  0%| F|  |TAMS 0x0000000713000000, 0x0000000713000000| Untracked 
| 121|0x0000000713200000, 0x00000007132e1010, 0x0000000713400000| 43%| E|  |TAMS 0x0000000713200000, 0x0000000713200000| Complete 
| 122|0x0000000713400000, 0x0000000713600000, 0x0000000713600000|100%| E|  |TAMS 0x0000000713400000, 0x0000000713400000| Complete 
| 123|0x0000000713600000, 0x0000000713800000, 0x0000000713800000|100%| E|CS|TAMS 0x0000000713600000, 0x0000000713600000| Complete 
| 124|0x0000000713800000, 0x0000000713a00000, 0x0000000713a00000|100%| E|CS|TAMS 0x0000000713800000, 0x0000000713800000| Complete 
| 125|0x0000000713a00000, 0x0000000713c00000, 0x0000000713c00000|100%| E|CS|TAMS 0x0000000713a00000, 0x0000000713a00000| Complete 

Card table byte_map: [0x0000013437c80000,0x0000013438460000] _byte_map_base: 0x0000013434460000

Marking Bits (Prev, Next): (CMBitMap*) 0x00000134245c1710, (CMBitMap*) 0x00000134245c1750
 Prev Bits: [0x0000013438c40000, 0x000001343cb40000)
 Next Bits: [0x000001343cb40000, 0x0000013440a40000)

Polling page: 0x00000134224e0000

Metaspace:

Usage:
  Non-class:     18.08 MB used.
      Class:      2.35 MB used.
       Both:     20.42 MB used.

Virtual space:
  Non-class space:       24.00 MB reserved,      18.19 MB ( 76%) committed,  3 nodes.
      Class space:        1.00 GB reserved,       2.44 MB ( <1%) committed,  1 nodes.
             Both:        1.02 GB reserved,      20.62 MB (  2%) committed. 

Chunk freelists:
   Non-Class:  912.00 KB
       Class:  1.50 MB
        Both:  2.39 MB

MaxMetaspaceSize: unlimited
CompressedClassSpaceSize: 1.00 GB
Initial GC threshold: 21.00 MB
Current GC threshold: 21.00 MB
CDS: off
MetaspaceReclaimPolicy: balanced
 - commit_granule_bytes: 65536.
 - commit_granule_words: 8192.
 - virtual_space_node_default_size: 1048576.
 - enlarge_chunks_in_place: 1.
 - new_chunks_are_fully_committed: 0.
 - uncommit_free_chunks: 1.
 - use_allocation_guard: 0.
 - handle_deallocations: 1.


Internal statistics:

num_allocs_failed_limit: 0.
num_arena_births: 186.
num_arena_deaths: 0.
num_vsnodes_births: 4.
num_vsnodes_deaths: 0.
num_space_committed: 330.
num_space_uncommitted: 0.
num_chunks_returned_to_freelist: 0.
num_chunks_taken_from_freelist: 617.
num_chunk_merges: 0.
num_chunk_splits: 424.
num_chunks_enlarged: 333.
num_purges: 0.
num_inconsistent_stats: 0.

CodeHeap 'non-profiled nmethods': size=119168Kb used=948Kb max_used=948Kb free=118219Kb
 bounds [0x000001342f7c0000, 0x000001342fa30000, 0x0000013436c20000]
CodeHeap 'profiled nmethods': size=119104Kb used=4220Kb max_used=4220Kb free=114883Kb
 bounds [0x0000013428370000, 0x0000013428790000, 0x000001342f7c0000]
CodeHeap 'non-nmethods': size=7488Kb used=2165Kb max_used=3311Kb free=5322Kb
 bounds [0x0000013427c20000, 0x0000013427f60000, 0x0000013428370000]
 total_blobs=3343 nmethods=2341 adapters=913
 compilation: enabled
              stopped_count=0, restarted_count=0
 full_count=0

Compilation events (20 events):
Event: 11.716 Thread 0x0000013458ed3f40 2333       3       com.sun.prism.d3d.D3DSwapChain::getPhysicalWidth (11 bytes)
Event: 11.716 Thread 0x0000013444460e90 2334       3       com.sun.prism.d3d.D3DSwapChain::getPhysicalHeight (11 bytes)
Event: 11.716 Thread 0x0000013444460e90 nmethod 2334 0x0000013428788590 code [0x0000013428788740, 0x0000013428788928]
Event: 11.716 Thread 0x0000013458ed3f40 nmethod 2333 0x0000013428788a10 code [0x0000013428788bc0, 0x0000013428788da8]
Event: 11.722 Thread 0x0000013444460e90 2335       3       java.util.concurrent.ScheduledThreadPoolExecutor::canRunInCurrentRunState (61 bytes)
Event: 11.722 Thread 0x0000013444460e90 nmethod 2335 0x0000013428788e90 code [0x00000134287890a0, 0x00000134287898c8]
Event: 11.731 Thread 0x0000013444460e90 2336       3       javafx.scene.Node::getPeer (57 bytes)
Event: 11.732 Thread 0x0000013444460e90 nmethod 2336 0x0000013428789b10 code [0x0000013428789ce0, 0x000001342878a078]
Event: 11.746 Thread 0x0000013444460e90 2337 %     3       com.sun.javafx.iio.png.PNGImageLoader2::loadMip @ 92 (269 bytes)
Event: 11.747 Thread 0x0000013444460e90 nmethod 2337% 0x000001342878a190 code [0x000001342878a440, 0x000001342878b4b8]
Event: 11.813 Thread 0x0000013444460e90 2338       3       com.sun.javafx.iio.png.PNGImageLoader2::loadMip (269 bytes)
Event: 11.814 Thread 0x0000013444460e90 nmethod 2338 0x000001342878bc10 code [0x000001342878bea0, 0x000001342878cc18]
Event: 11.827 Thread 0x0000013444460e90 2339       1       javafx.scene.layout.Background::getOutsets (5 bytes)
Event: 11.827 Thread 0x0000013444460e90 nmethod 2339 0x000001342f8acb10 code [0x000001342f8acca0, 0x000001342f8acd78]
Event: 11.837 Thread 0x0000013458ed3f40 2341       3       javafx.scene.image.Image::getHeight (19 bytes)
Event: 11.837 Thread 0x0000013444460e90 2340       3       javafx.scene.image.Image::getWidth (19 bytes)
Event: 11.837 Thread 0x0000013444460e90 nmethod 2340 0x000001342878d290 code [0x000001342878d460, 0x000001342878d618]
Event: 11.837 Thread 0x0000013458ed3f40 nmethod 2341 0x000001342878d710 code [0x000001342878d8e0, 0x000001342878da98]
Event: 11.891 Thread 0x0000013458ed3f40 2342       1       com.sun.prism.paint.Color::getIntArgbPre (5 bytes)
Event: 11.891 Thread 0x0000013458ed3f40 nmethod 2342 0x000001342f8ace10 code [0x000001342f8acfa0, 0x000001342f8ad078]

GC Heap History (6 events):
Event: 0.595 GC heap before
{Heap before GC invocations=0 (full 0):
 garbage-first heap   total 258048K, used 20480K [0x0000000704000000, 0x0000000800000000)
  region size 2048K, 11 young (22528K), 0 survivors (0K)
 Metaspace       used 12374K, committed 12544K, reserved 1064960K
  class space    used 1238K, committed 1344K, reserved 1048576K
}
Event: 0.597 GC heap after
{Heap after GC invocations=1 (full 0):
 garbage-first heap   total 258048K, used 3514K [0x0000000704000000, 0x0000000800000000)
  region size 2048K, 2 young (4096K), 2 survivors (4096K)
 Metaspace       used 12374K, committed 12544K, reserved 1064960K
  class space    used 1238K, committed 1344K, reserved 1048576K
}
Event: 3.077 GC heap before
{Heap before GC invocations=1 (full 0):
 garbage-first heap   total 258048K, used 36282K [0x0000000704000000, 0x0000000800000000)
  region size 2048K, 18 young (36864K), 2 survivors (4096K)
 Metaspace       used 20735K, committed 20928K, reserved 1073152K
  class space    used 2401K, committed 2496K, reserved 1048576K
}
Event: 3.080 GC heap after
{Heap after GC invocations=2 (full 0):
 garbage-first heap   total 258048K, used 11145K [0x0000000704000000, 0x0000000800000000)
  region size 2048K, 3 young (6144K), 3 survivors (6144K)
 Metaspace       used 20735K, committed 20928K, reserved 1073152K
  class space    used 2401K, committed 2496K, reserved 1048576K
}
Event: 11.878 GC heap before
{Heap before GC invocations=2 (full 0):
 garbage-first heap   total 258048K, used 129929K [0x0000000704000000, 0x0000000800000000)
  region size 2048K, 62 young (126976K), 3 survivors (6144K)
 Metaspace       used 20912K, committed 21120K, reserved 1073152K
  class space    used 2401K, committed 2496K, reserved 1048576K
}
Event: 11.879 GC heap after
{Heap after GC invocations=3 (full 0):
 garbage-first heap   total 258048K, used 10892K [0x0000000704000000, 0x0000000800000000)
  region size 2048K, 3 young (6144K), 3 survivors (6144K)
 Metaspace       used 20912K, committed 21120K, reserved 1073152K
  class space    used 2401K, committed 2496K, reserved 1048576K
}

Deoptimization events (20 events):
Event: 7.877 Thread 0x00000134456a8450 DEOPT PACKING pc=0x00000134286a7ea2 sp=0x0000000360cfde70
Event: 7.877 Thread 0x00000134456a8450 DEOPT UNPACKING pc=0x0000013427c76763 sp=0x0000000360cfd2c8 mode 0
Event: 7.877 Thread 0x00000134456a8450 DEOPT PACKING pc=0x00000134286a3ec2 sp=0x0000000360cfe190
Event: 7.877 Thread 0x00000134456a8450 DEOPT UNPACKING pc=0x0000013427c76763 sp=0x0000000360cfd620 mode 0
Event: 8.812 Thread 0x000001344558b3d0 Uncommon trap: trap_request=0xffffff45 fr.pc=0x000001342f89af8c relative=0x000000000000072c
Event: 8.812 Thread 0x000001344558b3d0 Uncommon trap: reason=unstable_if action=reinterpret pc=0x000001342f89af8c method=javafx.scene.Node.intersectsBounds(Lcom/sun/javafx/geom/PickRay;)D @ 95 c2
Event: 8.812 Thread 0x000001344558b3d0 DEOPT PACKING pc=0x000001342f89af8c sp=0x0000000360efd6b0
Event: 8.812 Thread 0x000001344558b3d0 DEOPT UNPACKING pc=0x0000013427c75c23 sp=0x0000000360efd568 mode 2
Event: 9.236 Thread 0x00000134456a8450 Uncommon trap: trap_request=0xffffff45 fr.pc=0x000001342f8a2f38 relative=0x0000000000000778
Event: 9.236 Thread 0x00000134456a8450 Uncommon trap: reason=unstable_if action=reinterpret pc=0x000001342f8a2f38 method=com.sun.marlin.MaskMarlinAlphaConsumer.setAndClearRelativeAlphas([I[IIII)V @ 428 c2
Event: 9.236 Thread 0x00000134456a8450 DEOPT PACKING pc=0x000001342f8a2f38 sp=0x0000000360cfded0
Event: 9.236 Thread 0x00000134456a8450 DEOPT UNPACKING pc=0x0000013427c75c23 sp=0x0000000360cfddd8 mode 2
Event: 11.492 Thread 0x00000134456a8450 DEOPT PACKING pc=0x000001342874e722 sp=0x0000000360cfddc0
Event: 11.492 Thread 0x00000134456a8450 DEOPT UNPACKING pc=0x0000013427c76763 sp=0x0000000360cfd218 mode 0
Event: 11.651 Thread 0x000001344558b3d0 Uncommon trap: trap_request=0xffffff45 fr.pc=0x000001342f895820 relative=0x0000000000000140
Event: 11.651 Thread 0x000001344558b3d0 Uncommon trap: reason=unstable_if action=reinterpret pc=0x000001342f895820 method=javafx.scene.Scene$ClickCounter.stopTimeout()V @ 4 c2
Event: 11.651 Thread 0x000001344558b3d0 DEOPT PACKING pc=0x000001342f895820 sp=0x0000000360efdc10
Event: 11.652 Thread 0x000001344558b3d0 DEOPT UNPACKING pc=0x0000013427c75c23 sp=0x0000000360efdad8 mode 2
Event: 11.684 Thread 0x00000134456a8450 DEOPT PACKING pc=0x000001342874e722 sp=0x0000000360cfdeb0
Event: 11.684 Thread 0x00000134456a8450 DEOPT UNPACKING pc=0x0000013427c76763 sp=0x0000000360cfd308 mode 0

Classes unloaded (0 events):
No events

Classes redefined (0 events):
No events

Internal exceptions (20 events):
Event: 0.537 Thread 0x0000013445b51010 Exception <a 'java/lang/NoSuchMethodError'{0x0000000712a76868}: 'void java.lang.invoke.DirectMethodHandle$Holder.invokeStatic(java.lang.Object, java.lang.Object, java.lang.Object, java.lang.Object)'> (0x0000000712a76868) 
thrown [e:\jenkins\tmp\workspace\build\src\src\hotspot\share\interpreter\linkResolver.cpp, line 766]
Event: 0.599 Thread 0x000001344558b3d0 Exception <a 'java/lang/NoSuchMethodError'{0x0000000713a41740}: 'java.lang.Object java.lang.invoke.DirectMethodHandle$Holder.invokeStaticInit(java.lang.Object, java.lang.Object, java.lang.Object, java.lang.Object)'> (0x0000000713a41740) 
thrown [e:\jenkins\tmp\workspace\build\src\src\hotspot\share\interpreter\linkResolver.cpp, line 766]
Event: 0.600 Thread 0x000001344558b3d0 Exception <a 'java/lang/NullPointerException'{0x0000000713a4d388}> (0x0000000713a4d388) 
thrown [e:\jenkins\tmp\workspace\build\src\src\hotspot\share\interpreter\linkResolver.cpp, line 1357]
Event: 0.642 Thread 0x000001344558b3d0 Exception <a 'java/lang/ClassNotFoundException'{0x000000071373daa8}: com/sun/glass/ui/win/themes> (0x000000071373daa8) 
thrown [e:\jenkins\tmp\workspace\build\src\src\hotspot\share\prims\jni.cpp, line 535]
Event: 0.643 Thread 0x000001344558b3d0 Exception <a 'java/lang/ClassNotFoundException'{0x000000071374a130}: com/sun/glass/ui/win/themes_pt> (0x000000071374a130) 
thrown [e:\jenkins\tmp\workspace\build\src\src\hotspot\share\prims\jni.cpp, line 535]
Event: 0.644 Thread 0x000001344558b3d0 Exception <a 'java/lang/ClassNotFoundException'{0x000000071374b550}: com/sun/glass/ui/win/themes_pt_BR> (0x000000071374b550) 
thrown [e:\jenkins\tmp\workspace\build\src\src\hotspot\share\prims\jni.cpp, line 535]
Event: 0.678 Thread 0x000001344558b3d0 Exception <a 'java/lang/NoSuchMethodError'{0x00000007130505a0}: 'void java.lang.invoke.DirectMethodHandle$Holder.invokeStaticInit(java.lang.Object, java.lang.Object)'> (0x00000007130505a0) 
thrown [e:\jenkins\tmp\workspace\build\src\src\hotspot\share\interpreter\linkResolver.cpp, line 766]
Event: 0.706 Thread 0x000001344558b3d0 Implicit null exception at 0x000001342f825d90 to 0x000001342f8261cc
Event: 0.758 Thread 0x000001344558b3d0 Exception <a 'java/io/FileNotFoundException'{0x0000000712a893e8}> (0x0000000712a893e8) 
thrown [e:\jenkins\tmp\workspace\build\src\src\hotspot\share\prims\jni.cpp, line 516]
Event: 0.798 Thread 0x000001344558b3d0 Exception <a 'java/lang/NoSuchMethodError'{0x000000071295bc90}: 'void java.lang.invoke.DirectMethodHandle$Holder.invokeSpecial(java.lang.Object, java.lang.Object, java.lang.Object, java.lang.Object, java.lang.Object)'> (0x000000071295bc90) 
thrown [e:\jenkins\tmp\workspace\build\src\src\hotspot\share\interpreter\linkResolver.cpp, line 766]
Event: 0.799 Thread 0x000001344558b3d0 Exception <a 'java/lang/NoSuchMethodError'{0x000000071296c1c0}: 'java.lang.Object java.lang.invoke.DirectMethodHandle$Holder.invokeInterface(java.lang.Object, java.lang.Object, java.lang.Object)'> (0x000000071296c1c0) 
thrown [e:\jenkins\tmp\workspace\build\src\src\hotspot\share\interpreter\linkResolver.cpp, line 766]
Event: 0.799 Thread 0x000001344558b3d0 Exception <a 'java/lang/IncompatibleClassChangeError'{0x000000071296fb48}: Found class java.lang.Object, but interface was expected> (0x000000071296fb48) 
thrown [e:\jenkins\tmp\workspace\build\src\src\hotspot\share\interpreter\linkResolver.cpp, line 833]
Event: 0.819 Thread 0x000001344558b3d0 Exception <a 'java/lang/NoSuchMethodError'{0x00000007126e91a8}: 'java.lang.Object java.lang.invoke.DirectMethodHandle$Holder.newInvokeSpecial(java.lang.Object, java.lang.Object, int)'> (0x00000007126e91a8) 
thrown [e:\jenkins\tmp\workspace\build\src\src\hotspot\share\interpreter\linkResolver.cpp, line 766]
Event: 0.830 Thread 0x00000134456a8450 Exception <a 'java/lang/NoSuchMethodError'{0x000000071200beb8}: 'int java.lang.invoke.DirectMethodHandle$Holder.invokeStaticInit(java.lang.Object, java.lang.Object)'> (0x000000071200beb8) 
thrown [e:\jenkins\tmp\workspace\build\src\src\hotspot\share\interpreter\linkResolver.cpp, line 766]
Event: 2.692 Thread 0x000001344558b3d0 Exception <a 'java/lang/NoSuchMethodError'{0x0000000711d0eb38}: 'long java.lang.invoke.DirectMethodHandle$Holder.invokeStatic(java.lang.Object, java.lang.Object, java.lang.Object)'> (0x0000000711d0eb38) 
thrown [e:\jenkins\tmp\workspace\build\src\src\hotspot\share\interpreter\linkResolver.cpp, line 766]
Event: 2.692 Thread 0x000001344558b3d0 Exception <a 'java/lang/NoSuchMethodError'{0x0000000711d122e0}: 'long java.lang.invoke.DirectMethodHandle$Holder.invokeStaticInit(java.lang.Object, java.lang.Object, java.lang.Object)'> (0x0000000711d122e0) 
thrown [e:\jenkins\tmp\workspace\build\src\src\hotspot\share\interpreter\linkResolver.cpp, line 766]
Event: 2.693 Thread 0x000001344558b3d0 Exception <a 'java/lang/NoSuchMethodError'{0x0000000711d29ee8}: 'java.lang.Object java.lang.invoke.DirectMethodHandle$Holder.newInvokeSpecial(java.lang.Object, java.lang.Object, long)'> (0x0000000711d29ee8) 
thrown [e:\jenkins\tmp\workspace\build\src\src\hotspot\share\interpreter\linkResolver.cpp, line 766]
Event: 2.694 Thread 0x000001344558b3d0 Exception <a 'java/lang/NoSuchMethodError'{0x0000000711d2da58}: 'java.lang.Object java.lang.invoke.Invokers$Holder.linkToTargetMethod(java.lang.Object, long, java.lang.Object)'> (0x0000000711d2da58) 
thrown [e:\jenkins\tmp\workspace\build\src\src\hotspot\share\interpreter\linkResolver.cpp, line 766]
Event: 5.578 Thread 0x000001344baa6970 Exception <a 'java/lang/Exception'{0x000000070d986d10}: unknown exception> (0x000000070d986d10) 
thrown [e:\jenkins\tmp\workspace\build\src\src\hotspot\share\prims\jni.cpp, line 535]
Event: 5.624 Thread 0x000001344baa7310 Exception <a 'java/lang/Exception'{0x000000070e3efaf0}: unknown exception> (0x000000070e3efaf0) 
thrown [e:\jenkins\tmp\workspace\build\src\src\hotspot\share\prims\jni.cpp, line 535]

VM Operations (20 events):
Event: 0.786 Executing VM operation: ICBufferFull
Event: 0.786 Executing VM operation: ICBufferFull done
Event: 1.786 Executing VM operation: Cleanup
Event: 1.786 Executing VM operation: Cleanup done
Event: 2.523 Executing VM operation: HandshakeAllThreads
Event: 2.524 Executing VM operation: HandshakeAllThreads done
Event: 3.077 Executing VM operation: G1CollectForAllocation
Event: 3.080 Executing VM operation: G1CollectForAllocation done
Event: 5.080 Executing VM operation: Cleanup
Event: 5.080 Executing VM operation: Cleanup done
Event: 6.081 Executing VM operation: Cleanup
Event: 6.081 Executing VM operation: Cleanup done
Event: 7.082 Executing VM operation: Cleanup
Event: 7.082 Executing VM operation: Cleanup done
Event: 9.082 Executing VM operation: Cleanup
Event: 9.082 Executing VM operation: Cleanup done
Event: 11.082 Executing VM operation: Cleanup
Event: 11.082 Executing VM operation: Cleanup done
Event: 11.878 Executing VM operation: G1CollectForAllocation
Event: 11.879 Executing VM operation: G1CollectForAllocation done

Events (20 events):
Event: 2.888 loading class java/util/concurrent/TimeUnit$1
Event: 2.888 loading class java/util/concurrent/TimeUnit$1 done
Event: 2.888 loading class java/time/temporal/ChronoUnit
Event: 2.888 loading class java/time/temporal/TemporalUnit
Event: 2.888 loading class java/time/temporal/TemporalUnit done
Event: 2.888 loading class java/time/temporal/ChronoUnit done
Event: 2.888 loading class java/time/Duration
Event: 2.888 loading class java/time/temporal/TemporalAmount
Event: 2.888 loading class java/time/temporal/TemporalAmount done
Event: 2.888 loading class java/time/Duration done
Event: 2.993 loading class java/io/SequenceInputStream
Event: 2.993 loading class java/io/SequenceInputStream done
Event: 2.994 loading class java/util/Vector$1
Event: 2.995 loading class java/util/Vector$1 done
Event: 4.161 Thread 0x000001344baa6970 Thread added: 0x000001344baa6970
Event: 6.163 Thread 0x0000013444730930 Thread exited: 0x0000013444730930
Event: 6.194 Thread 0x0000013444730420 Thread exited: 0x0000013444730420
Event: 6.194 Thread 0x0000013444655ef0 Thread exited: 0x0000013444655ef0
Event: 10.837 Thread 0x0000013458ed3f40 Thread added: 0x0000013458ed3f40
Event: 11.489 Thread 0x000001344baa9990 Thread added: 0x000001344baa9990


Dynamic libraries:
0x00007ff76e150000 - 0x00007ff76e15e000 	C:\Users\Teste\.p2\pool\plugins\org.eclipse.justj.openjdk.hotspot.jre.full.win32.x86_64_17.0.1.v20211116-1657\jre\bin\javaw.exe
0x00007fffee280000 - 0x00007fffee489000 	C:\Windows\SYSTEM32\ntdll.dll
0x00007fffede30000 - 0x00007fffedeed000 	C:\Windows\System32\KERNEL32.DLL
0x00007fffebc30000 - 0x00007fffebfa4000 	C:\Windows\System32\KERNELBASE.dll
0x00007fffebaa0000 - 0x00007fffebbb1000 	C:\Windows\System32\ucrtbase.dll
0x00007fffc4f10000 - 0x00007fffc4f28000 	C:\Users\Teste\.p2\pool\plugins\org.eclipse.justj.openjdk.hotspot.jre.full.win32.x86_64_17.0.1.v20211116-1657\jre\bin\jli.dll
0x00007fffc4ef0000 - 0x00007fffc4f09000 	C:\Users\Teste\.p2\pool\plugins\org.eclipse.justj.openjdk.hotspot.jre.full.win32.x86_64_17.0.1.v20211116-1657\jre\bin\VCRUNTIME140.dll
0x00007fffeda80000 - 0x00007fffedc2c000 	C:\Windows\System32\USER32.dll
0x00007fffeaaf0000 - 0x00007fffead95000 	C:\Windows\WinSxS\amd64_microsoft.windows.common-controls_6595b64144ccf1df_6.0.22000.120_none_9d947278b86cc467\COMCTL32.dll
0x00007fffeb9f0000 - 0x00007fffeba16000 	C:\Windows\System32\win32u.dll
0x00007fffecc30000 - 0x00007fffeccd3000 	C:\Windows\System32\msvcrt.dll
0x00007fffec6d0000 - 0x00007fffec6f9000 	C:\Windows\System32\GDI32.dll
0x00007fffeb8d0000 - 0x00007fffeb9e2000 	C:\Windows\System32\gdi32full.dll
0x00007fffeb830000 - 0x00007fffeb8cd000 	C:\Windows\System32\msvcp_win.dll
0x00007fffecb50000 - 0x00007fffecb81000 	C:\Windows\System32\IMM32.DLL
0x00007fffd7fb0000 - 0x00007fffd7fbc000 	C:\Users\Teste\.p2\pool\plugins\org.eclipse.justj.openjdk.hotspot.jre.full.win32.x86_64_17.0.1.v20211116-1657\jre\bin\vcruntime140_1.dll
0x00007fffc49d0000 - 0x00007fffc4a61000 	C:\Users\Teste\.p2\pool\plugins\org.eclipse.justj.openjdk.hotspot.jre.full.win32.x86_64_17.0.1.v20211116-1657\jre\bin\msvcp140.dll
0x00007fff87900000 - 0x00007fff88546000 	C:\Users\Teste\.p2\pool\plugins\org.eclipse.justj.openjdk.hotspot.jre.full.win32.x86_64_17.0.1.v20211116-1657\jre\bin\server\jvm.dll
0x00007fffed690000 - 0x00007fffed73e000 	C:\Windows\System32\ADVAPI32.dll
0x00007fffecb90000 - 0x00007fffecc2e000 	C:\Windows\System32\sechost.dll
0x00007fffedef0000 - 0x00007fffee010000 	C:\Windows\System32\RPCRT4.dll
0x00007fffec1d0000 - 0x00007fffec1d8000 	C:\Windows\System32\PSAPI.DLL
0x00007fffeafd0000 - 0x00007fffeafd9000 	C:\Windows\SYSTEM32\WSOCK32.dll
0x00007fffe09e0000 - 0x00007fffe0a13000 	C:\Windows\SYSTEM32\WINMM.dll
0x00007fffe9d10000 - 0x00007fffe9d1a000 	C:\Windows\SYSTEM32\VERSION.dll
0x00007fffee1d0000 - 0x00007fffee23f000 	C:\Windows\System32\WS2_32.dll
0x00007fffe99d0000 - 0x00007fffe99e8000 	C:\Windows\SYSTEM32\kernel.appcore.dll
0x00007fffe2cd0000 - 0x00007fffe2cda000 	C:\Users\Teste\.p2\pool\plugins\org.eclipse.justj.openjdk.hotspot.jre.full.win32.x86_64_17.0.1.v20211116-1657\jre\bin\jimage.dll
0x00007fffeb0c0000 - 0x00007fffeb2e1000 	C:\Windows\SYSTEM32\DBGHELP.DLL
0x00007fffeaf90000 - 0x00007fffeafc1000 	C:\Windows\SYSTEM32\dbgcore.DLL
0x00007fffeba20000 - 0x00007fffeba9f000 	C:\Windows\System32\bcryptPrimitives.dll
0x00007fffd8420000 - 0x00007fffd8445000 	C:\Users\Teste\.p2\pool\plugins\org.eclipse.justj.openjdk.hotspot.jre.full.win32.x86_64_17.0.1.v20211116-1657\jre\bin\java.dll
0x00007fffe2cb0000 - 0x00007fffe2cc8000 	C:\Users\Teste\.p2\pool\plugins\org.eclipse.justj.openjdk.hotspot.jre.full.win32.x86_64_17.0.1.v20211116-1657\jre\bin\zip.dll
0x00007fffecd60000 - 0x00007fffed50e000 	C:\Windows\System32\SHELL32.dll
0x00007fffe89d0000 - 0x00007fffe9237000 	C:\Windows\SYSTEM32\windows.storage.dll
0x00007fffec7d0000 - 0x00007fffecb48000 	C:\Windows\System32\combase.dll
0x00007fffe8860000 - 0x00007fffe89c6000 	C:\Windows\SYSTEM32\wintypes.dll
0x00007fffed910000 - 0x00007fffed9fa000 	C:\Windows\System32\SHCORE.dll
0x00007fffecce0000 - 0x00007fffecd3d000 	C:\Windows\System32\shlwapi.dll
0x00007fffeb6a0000 - 0x00007fffeb6c1000 	C:\Windows\SYSTEM32\profapi.dll
0x00007fffde8b0000 - 0x00007fffde8c9000 	C:\Users\Teste\.p2\pool\plugins\org.eclipse.justj.openjdk.hotspot.jre.full.win32.x86_64_17.0.1.v20211116-1657\jre\bin\net.dll
0x00007fffe3be0000 - 0x00007fffe3cec000 	C:\Windows\SYSTEM32\WINHTTP.dll
0x00007fffe9e20000 - 0x00007fffe9e87000 	C:\Windows\system32\mswsock.dll
0x00007fffdd4e0000 - 0x00007fffdd4f5000 	C:\Users\Teste\.p2\pool\plugins\org.eclipse.justj.openjdk.hotspot.jre.full.win32.x86_64_17.0.1.v20211116-1657\jre\bin\nio.dll
0x0000013422530000 - 0x0000013422533000 	C:\Users\Teste\Desktop\javafx-sdk-17.0.2\bin\api-ms-win-core-console-l1-1-0.dll
0x0000013422540000 - 0x0000013422543000 	C:\Users\Teste\Desktop\javafx-sdk-17.0.2\bin\api-ms-win-core-console-l1-2-0.dll
0x0000013422550000 - 0x0000013422553000 	C:\Users\Teste\Desktop\javafx-sdk-17.0.2\bin\api-ms-win-core-datetime-l1-1-0.dll
0x0000013422560000 - 0x0000013422563000 	C:\Users\Teste\Desktop\javafx-sdk-17.0.2\bin\api-ms-win-core-debug-l1-1-0.dll
0x0000013422570000 - 0x0000013422573000 	C:\Users\Teste\Desktop\javafx-sdk-17.0.2\bin\api-ms-win-core-errorhandling-l1-1-0.dll
0x0000013422580000 - 0x0000013422584000 	C:\Users\Teste\Desktop\javafx-sdk-17.0.2\bin\api-ms-win-core-file-l1-1-0.dll
0x0000013422590000 - 0x0000013422593000 	C:\Users\Teste\Desktop\javafx-sdk-17.0.2\bin\api-ms-win-core-file-l1-2-0.dll
0x0000013424490000 - 0x0000013424493000 	C:\Users\Teste\Desktop\javafx-sdk-17.0.2\bin\api-ms-win-core-file-l2-1-0.dll
0x00000134244a0000 - 0x00000134244a3000 	C:\Users\Teste\Desktop\javafx-sdk-17.0.2\bin\api-ms-win-core-handle-l1-1-0.dll
0x00000134244b0000 - 0x00000134244b3000 	C:\Users\Teste\Desktop\javafx-sdk-17.0.2\bin\api-ms-win-core-heap-l1-1-0.dll
0x00000134244c0000 - 0x00000134244c3000 	C:\Users\Teste\Desktop\javafx-sdk-17.0.2\bin\api-ms-win-core-interlocked-l1-1-0.dll
0x00000134244d0000 - 0x00000134244d3000 	C:\Users\Teste\Desktop\javafx-sdk-17.0.2\bin\api-ms-win-core-libraryloader-l1-1-0.dll
0x00000134244e0000 - 0x00000134244e3000 	C:\Users\Teste\Desktop\javafx-sdk-17.0.2\bin\api-ms-win-core-localization-l1-2-0.dll
0x00000134244f0000 - 0x00000134244f3000 	C:\Users\Teste\Desktop\javafx-sdk-17.0.2\bin\api-ms-win-core-memory-l1-1-0.dll
0x0000013424500000 - 0x0000013424503000 	C:\Users\Teste\Desktop\javafx-sdk-17.0.2\bin\api-ms-win-core-namedpipe-l1-1-0.dll
0x0000013424510000 - 0x0000013424513000 	C:\Users\Teste\Desktop\javafx-sdk-17.0.2\bin\api-ms-win-core-processenvironment-l1-1-0.dll
0x0000013424520000 - 0x0000013424523000 	C:\Users\Teste\Desktop\javafx-sdk-17.0.2\bin\api-ms-win-core-processthreads-l1-1-0.dll
0x0000013424530000 - 0x0000013424533000 	C:\Users\Teste\Desktop\javafx-sdk-17.0.2\bin\api-ms-win-core-processthreads-l1-1-1.dll
0x0000013424540000 - 0x0000013424543000 	C:\Users\Teste\Desktop\javafx-sdk-17.0.2\bin\api-ms-win-core-profile-l1-1-0.dll
0x0000013443bf0000 - 0x0000013443bf3000 	C:\Users\Teste\Desktop\javafx-sdk-17.0.2\bin\api-ms-win-core-rtlsupport-l1-1-0.dll
0x00000134460f0000 - 0x00000134460f3000 	C:\Users\Teste\Desktop\javafx-sdk-17.0.2\bin\api-ms-win-core-string-l1-1-0.dll
0x0000013446100000 - 0x0000013446103000 	C:\Users\Teste\Desktop\javafx-sdk-17.0.2\bin\api-ms-win-core-synch-l1-1-0.dll
0x0000013446110000 - 0x0000013446113000 	C:\Users\Teste\Desktop\javafx-sdk-17.0.2\bin\api-ms-win-core-synch-l1-2-0.dll
0x0000013446120000 - 0x0000013446123000 	C:\Users\Teste\Desktop\javafx-sdk-17.0.2\bin\api-ms-win-core-sysinfo-l1-1-0.dll
0x0000013446130000 - 0x0000013446133000 	C:\Users\Teste\Desktop\javafx-sdk-17.0.2\bin\api-ms-win-core-timezone-l1-1-0.dll
0x0000013446140000 - 0x0000013446143000 	C:\Users\Teste\Desktop\javafx-sdk-17.0.2\bin\api-ms-win-core-util-l1-1-0.dll
0x0000013446150000 - 0x0000013446153000 	C:\Users\Teste\Desktop\javafx-sdk-17.0.2\bin\api-ms-win-crt-conio-l1-1-0.dll
0x00000134464b0000 - 0x00000134464b4000 	C:\Users\Teste\Desktop\javafx-sdk-17.0.2\bin\api-ms-win-crt-convert-l1-1-0.dll
0x00000134464c0000 - 0x00000134464c3000 	C:\Users\Teste\Desktop\javafx-sdk-17.0.2\bin\api-ms-win-crt-environment-l1-1-0.dll
0x00000134464d0000 - 0x00000134464d3000 	C:\Users\Teste\Desktop\javafx-sdk-17.0.2\bin\api-ms-win-crt-filesystem-l1-1-0.dll
0x00000134464e0000 - 0x00000134464e3000 	C:\Users\Teste\Desktop\javafx-sdk-17.0.2\bin\api-ms-win-crt-heap-l1-1-0.dll
0x00000134464f0000 - 0x00000134464f3000 	C:\Users\Teste\Desktop\javafx-sdk-17.0.2\bin\api-ms-win-crt-locale-l1-1-0.dll
0x0000013446160000 - 0x0000013446165000 	C:\Users\Teste\Desktop\javafx-sdk-17.0.2\bin\api-ms-win-crt-math-l1-1-0.dll
0x0000013446170000 - 0x0000013446175000 	C:\Users\Teste\Desktop\javafx-sdk-17.0.2\bin\api-ms-win-crt-multibyte-l1-1-0.dll
0x0000013446180000 - 0x0000013446190000 	C:\Users\Teste\Desktop\javafx-sdk-17.0.2\bin\api-ms-win-crt-private-l1-1-0.dll
0x0000013446190000 - 0x0000013446193000 	C:\Users\Teste\Desktop\javafx-sdk-17.0.2\bin\api-ms-win-crt-process-l1-1-0.dll
0x00000134461a0000 - 0x00000134461a4000 	C:\Users\Teste\Desktop\javafx-sdk-17.0.2\bin\api-ms-win-crt-runtime-l1-1-0.dll
0x00000134461b0000 - 0x00000134461b4000 	C:\Users\Teste\Desktop\javafx-sdk-17.0.2\bin\api-ms-win-crt-stdio-l1-1-0.dll
0x00000134461c0000 - 0x00000134461c4000 	C:\Users\Teste\Desktop\javafx-sdk-17.0.2\bin\api-ms-win-crt-string-l1-1-0.dll
0x00000134461d0000 - 0x00000134461d3000 	C:\Users\Teste\Desktop\javafx-sdk-17.0.2\bin\api-ms-win-crt-time-l1-1-0.dll
0x00000134461e0000 - 0x00000134461e3000 	C:\Users\Teste\Desktop\javafx-sdk-17.0.2\bin\api-ms-win-crt-utility-l1-1-0.dll
0x00007fffd2bc0000 - 0x00007fffd2cbc000 	C:\Users\Teste\Desktop\javafx-sdk-17.0.2\bin\ucrtbase.dll
0x00007fffd87d0000 - 0x00007fffd87ea000 	C:\Users\Teste\Desktop\javafx-sdk-17.0.2\bin\vcruntime140.dll
0x00007fffd8f30000 - 0x00007fffd8f3c000 	C:\Users\Teste\Desktop\javafx-sdk-17.0.2\bin\vcruntime140_1.dll
0x00007fffc3320000 - 0x00007fffc33ad000 	C:\Users\Teste\Desktop\javafx-sdk-17.0.2\bin\msvcp140.dll
0x00007fffd4040000 - 0x00007fffd406a000 	C:\Users\Teste\Desktop\javafx-sdk-17.0.2\bin\prism_d3d.dll
0x00007fffd3cb0000 - 0x00007fffd3e56000 	C:\Windows\system32\d3d9.dll
0x00007fffe82f0000 - 0x00007fffe831f000 	C:\Windows\SYSTEM32\dwmapi.dll
0x00007fffe82a0000 - 0x00007fffe82d8000 	C:\Windows\SYSTEM32\dxcore.dll
0x00007fffea510000 - 0x00007fffea5bc000 	C:\Windows\system32\uxtheme.dll
0x00007fff49a90000 - 0x00007fff49bfc000 	C:\Windows\System32\DriverStore\FileRepository\iigd_dch.inf_amd64_f4b2f4a27129309e\igdumdim64.dll
0x00007fffed750000 - 0x00007fffed8ea000 	C:\Windows\System32\ole32.dll
0x00007fff38970000 - 0x00007fff3c570000 	C:\Windows\System32\DriverStore\FileRepository\iigd_dch.inf_amd64_f4b2f4a27129309e\igd9dxva64.dll
0x00007fffedc30000 - 0x00007fffedd06000 	C:\Windows\System32\OLEAUT32.dll
0x00007fffec260000 - 0x00007fffec6cc000 	C:\Windows\System32\SETUPAPI.dll
0x00007fffeb440000 - 0x00007fffeb48c000 	C:\Windows\SYSTEM32\cfgmgr32.dll
0x00007fffdb260000 - 0x00007fffdb626000 	C:\Windows\System32\DriverStore\FileRepository\iigd_dch.inf_amd64_f4b2f4a27129309e\igdgmm64.dll
0x00007fffe0f20000 - 0x00007fffe0f64000 	C:\Windows\SYSTEM32\directxdatabasehelper.dll
0x00007fffeb080000 - 0x00007fffeb0b4000 	C:\Windows\SYSTEM32\ntmarta.dll
0x00007fffd1d10000 - 0x00007fffd1d52000 	C:\Users\Teste\Desktop\javafx-sdk-17.0.2\bin\glass.dll
0x00007fffed5a0000 - 0x00007fffed68c000 	C:\Windows\System32\COMDLG32.dll
0x00007fffa6ee0000 - 0x00007fffa7011000 	C:\ProgramData\A-Volute\DellInc.AlienwareSoundCenter\Modules\ScheduledModules\x64\AudioDevProps2.dll
0x00007fffa7040000 - 0x00007fffa70ee000 	C:\ProgramData\A-Volute\DellInc.AlienwareSoundCenter\Modules\ScheduledModules\x64\NahimicOSD.dll
0x00007fffc8990000 - 0x00007fffc89b1000 	C:\ProgramData\A-Volute\DellInc.AlienwareSoundCenter\Modules\ScheduledModules\x64\ProductInfo.dll
0x00007fffedd10000 - 0x00007fffede2e000 	C:\Windows\System32\MSCTF.dll
0x00007fffa7e10000 - 0x00007fffa7e37000 	C:\Windows\System32\DriverStore\FileRepository\iigd_dch.inf_amd64_f4b2f4a27129309e\igdinfo64.dll
0x00007fffd4190000 - 0x00007fffd776f000 	C:\Windows\System32\DriverStore\FileRepository\iigd_dch.inf_amd64_f4b2f4a27129309e\igc64.dll
0x00007fff22e60000 - 0x00007fff26061000 	C:\Users\Teste\Downloads\opencv\build\java\x64\opencv_java455.dll
0x00007fffe1660000 - 0x00007fffe182e000 	C:\Windows\SYSTEM32\MFPlat.DLL
0x00007fffa3d10000 - 0x00007fffa3d9b000 	C:\Windows\SYSTEM32\MF.dll
0x00007fffabec0000 - 0x00007fffabfe0000 	C:\Windows\SYSTEM32\MFReadWrite.dll
0x00007fff8a7b0000 - 0x00007fff8ab86000 	C:\Windows\SYSTEM32\MFCORE.DLL
0x00007fffe1270000 - 0x00007fffe12a2000 	C:\Windows\SYSTEM32\RTWorkQ.DLL
0x00007fffc4e80000 - 0x00007fffc4e94000 	C:\Users\Teste\Desktop\javafx-sdk-17.0.2\bin\javafx_font.dll
0x00007fffbb8f0000 - 0x00007fffbbb4f000 	C:\Windows\SYSTEM32\dwrite.dll
0x00007fffec120000 - 0x00007fffec1cf000 	C:\Windows\System32\clbcatq.dll
0x00007fffde990000 - 0x00007fffdeb3e000 	C:\Windows\SYSTEM32\WindowsCodecs.dll
0x00007fffc85f0000 - 0x00007fffc864d000 	C:\Windows\system32\dataexchange.dll
0x00007fffde020000 - 0x00007fffde286000 	C:\Windows\system32\twinapi.appcore.dll
0x00007fffaec00000 - 0x00007fffaec32000 	C:\Program Files\Common Files\Microsoft Shared\Ink\rtscom.dll
0x00007fffc8860000 - 0x00007fffc898d000 	C:\Windows\SYSTEM32\textinputframework.dll
0x00007fffe3700000 - 0x00007fffe3832000 	C:\Windows\SYSTEM32\CoreMessaging.dll
0x00007fffdf4d0000 - 0x00007fffdf83d000 	C:\Windows\SYSTEM32\CoreUIComponents.dll
0x00007fffea8a0000 - 0x00007fffea8ac000 	C:\Windows\SYSTEM32\CRYPTBASE.DLL

dbghelp: loaded successfully - version: 4.0.5 - missing functions: none
symbol engine: initialized successfully - sym options: 0x614 - pdb path: .;C:\Users\Teste\.p2\pool\plugins\org.eclipse.justj.openjdk.hotspot.jre.full.win32.x86_64_17.0.1.v20211116-1657\jre\bin;C:\Windows\SYSTEM32;C:\Windows\WinSxS\amd64_microsoft.windows.common-controls_6595b64144ccf1df_6.0.22000.120_none_9d947278b86cc467;C:\Users\Teste\.p2\pool\plugins\org.eclipse.justj.openjdk.hotspot.jre.full.win32.x86_64_17.0.1.v20211116-1657\jre\bin\server;C:\Users\Teste\Desktop\javafx-sdk-17.0.2\bin;C:\Windows\System32\DriverStore\FileRepository\iigd_dch.inf_amd64_f4b2f4a27129309e;C:\ProgramData\A-Volute\DellInc.AlienwareSoundCenter\Modules\ScheduledModules\x64;C:\Users\Teste\Downloads\opencv\build\java\x64;C:\Program Files\Common Files\Microsoft Shared\Ink

VM Arguments:
jvm_args: --module-path=C:\Users\Teste\Desktop\javafx-sdk-17.0.2\lib --add-modules=javafx.controls,javafx.fxml -Djava.library.path=C:\Users\Teste\Downloads\opencv\build\java\x64 -Dfile.encoding=Cp1252 -XX:+ShowCodeDetailsInExceptionMessages 
java_command: application.Main
java_class_path (initial): C:\Users\Teste\eclipse-workspace\opencv novo\bin;C:\Users\Teste\Desktop\jfx-final\lib\javafx.base.jar;C:\Users\Teste\Desktop\jfx-final\lib\javafx.controls.jar;C:\Users\Teste\Desktop\jfx-final\lib\javafx.fxml.jar;C:\Users\Teste\Desktop\jfx-final\lib\javafx.graphics.jar;C:\Users\Teste\Desktop\jfx-final\lib\javafx.media.jar;C:\Users\Teste\Desktop\jfx-final\lib\javafx.swing.jar;C:\Users\Teste\Desktop\jfx-final\lib\javafx.web.jar;C:\Users\Teste\Desktop\jfx-final\lib\javafx-swt.jar;C:\Users\Teste\Downloads\opencv\build\java\opencv-455.jar
Launcher Type: SUN_STANDARD

[Global flags]
     intx CICompilerCount                          = 12                                        {product} {ergonomic}
     uint ConcGCThreads                            = 3                                         {product} {ergonomic}
     uint G1ConcRefinementThreads                  = 13                                        {product} {ergonomic}
   size_t G1HeapRegionSize                         = 2097152                                   {product} {ergonomic}
    uintx GCDrainStackTargetSize                   = 64                                        {product} {ergonomic}
   size_t InitialHeapSize                          = 264241152                                 {product} {ergonomic}
   size_t MarkStackSize                            = 4194304                                   {product} {ergonomic}
   size_t MaxHeapSize                              = 4227858432                                {product} {ergonomic}
   size_t MaxNewSize                               = 2535456768                                {product} {ergonomic}
   size_t MinHeapDeltaBytes                        = 2097152                                   {product} {ergonomic}
   size_t MinHeapSize                              = 8388608                                   {product} {ergonomic}
    uintx NonNMethodCodeHeapSize                   = 7602480                                {pd product} {ergonomic}
    uintx NonProfiledCodeHeapSize                  = 122027880                              {pd product} {ergonomic}
    uintx ProfiledCodeHeapSize                     = 122027880                              {pd product} {ergonomic}
    uintx ReservedCodeCacheSize                    = 251658240                              {pd product} {ergonomic}
     bool SegmentedCodeCache                       = true                                      {product} {ergonomic}
     bool ShowCodeDetailsInExceptionMessages       = true                                   {manageable} {command line}
   size_t SoftMaxHeapSize                          = 4227858432                             {manageable} {ergonomic}
     bool UseCompressedClassPointers               = true                           {product lp64_product} {ergonomic}
     bool UseCompressedOops                        = true                           {product lp64_product} {ergonomic}
     bool UseG1GC                                  = true                                      {product} {ergonomic}
     bool UseLargePagesIndividualAllocation        = false                                  {pd product} {ergonomic}

Logging:
Log output configuration:
 #0: stdout all=warning uptime,level,tags
 #1: stderr all=off uptime,level,tags

Environment Variables:
PATH=C:/Users/Teste/.p2/pool/plugins/org.eclipse.justj.openjdk.hotspot.jre.full.win32.x86_64_17.0.1.v20211116-1657/jre/bin/server;C:/Users/Teste/.p2/pool/plugins/org.eclipse.justj.openjdk.hotspot.jre.full.win32.x86_64_17.0.1.v20211116-1657/jre/bin;C:\Program Files (x86)\Embarcadero\Studio\21.0\bin;C:\Users\Public\Documents\Embarcadero\Studio\21.0\Bpl;C:\Program Files (x86)\Embarcadero\Studio\21.0\bin64;C:\Users\Public\Documents\Embarcadero\Studio\21.0\Bpl\Win64;C:\Program Files (x86)\Common Files\Oracle\Java\javapath;C:\Program Files\Microsoft\jdk-11.0.12.7-hotspot\bin;C:\Windows\system32;C:\Windows;C:\Windows\System32\Wbem;C:\Windows\System32\WindowsPowerShell\v1.0\;C:\Windows\System32\OpenSSH\;C:\Program Files (x86)\NVIDIA Corporation\PhysX\Common;C:\Program Files\NVIDIA Corporation\NVIDIA NvDLISR;C:\Program Files\PuTTY\;C:\Program Files\dotnet\;C:\Program Files (x86)\IncrediBuild;C:\Program Files\nodejs\;C:\Program Files\Git\cmd;C:\Users\Teste\AppData\Local\Programs\Python\Python37\Scripts\;C:\Users\Teste\AppData\Local\Programs\Python\Python37\;C:\Users\Teste\AppData\Local\Microsoft\WindowsApps;C:\Users\Teste\AppData\Local\Programs\Microsoft VS Code\bin;C:\Users\Teste\.dotnet\tools;C:\Users\Teste\AppData\Roaming\npm;C:\Users\Teste\AppData\Local\GitHubDesktop\bin;C:\Windows\System32;
USERNAME=Teste
OS=Windows_NT
PROCESSOR_IDENTIFIER=Intel64 Family 6 Model 141 Stepping 1, GenuineIntel



---------------  S Y S T E M  ---------------

OS:
 Windows 10 , 64 bit Build 22000 (10.0.22000.434)
OS uptime: 3 days 4:07 hours

CPU: total 16 (initial active 16) (8 cores per cpu, 2 threads per core) family 6 model 141 stepping 1 microcode 0x3c, cx8, cmov, fxsr, ht, mmx, 3dnowpref, sse, sse2, sse3, ssse3, sse4.1, sse4.2, popcnt, lzcnt, tsc, tscinvbit, avx, avx2, aes, erms, clmul, bmi1, bmi2, adx, avx512f, avx512dq, avx512cd, avx512bw, avx512vl, sha, fma, vzeroupper, avx512_vpopcntdq, avx512_vpclmulqdq, avx512_vaes, avx512_vnni, clflush, clflushopt, clwb, avx512_vbmi2, avx512_vbmi

Memory: 4k page, system-wide physical 16126M (3454M free)
TotalPageFile size 31486M (AvailPageFile size 11108M)
current process WorkingSet (physical memory assigned to process): 423M, peak: 493M
current process commit charge ("private bytes"): 601M, peak: 677M

vm_info: OpenJDK 64-Bit Server VM (17.0.1+12) for windows-amd64 JRE (17.0.1+12), built on Oct 20 2021 07:42:55 by "" with MS VC++ 16.7 (VS2019)

END.
